make all --print-data-base --no-builtin-variables --no-builtin-rules --question
# GNU Make 4.2.1
# Built for x86_64-pc-linux-gnu
# Copyright (C) 1988-2016 Free Software Foundation, Inc.
# License GPLv3+: GNU GPL version 3 or later <http://gnu.org/licenses/gpl.html>
# This is free software: you are free to change and redistribute it.
# There is NO WARRANTY, to the extent permitted by law.

# Make data base, printed on Sat Oct 23 21:25:38 2021

# Variables

# 'override' directive
GNUMAKEFLAGS := 
# automatic
<D = $(patsubst %/,%,$(dir $<))
# automatic
?F = $(notdir $?)
# environment
DESKTOP_SESSION = ubuntu
# default
.SHELLFLAGS := -c
# environment
XDG_SESSION_CLASS = user
# environment
SNAP_COMMON = /var/snap/code/common
# environment
XDG_SESSION_TYPE = x11
# environment
VSCODE_LOG_NATIVE = false
# automatic
?D = $(patsubst %/,%,$(dir $?))
# environment
IM_CONFIG_PHASE = 1
# environment
PLATFORMIO_IDE = 2.3.4
# automatic
@D = $(patsubst %/,%,$(dir $@))
# environment
XAUTHORITY = /run/user/1000/gdm/Xauthority
# environment
GDMSESSION = ubuntu
# environment
XMODIFIERS = @im=ibus
# makefile
CURDIR := /home/shashvat/Desktop/Compilers_Lab/Assignment_5/ass5_19CS10067_19CS30042
# makefile
SHELL = /bin/sh
# environment
SNAP_DATA = /var/snap/code/78
# environment
VSCODE_NLS_CONFIG = {"locale":"en-gb","availableLanguages":{},"_languagePackSupport":true}
# environment
JOURNAL_STREAM = 9:35942
# environment
XDG_CONFIG_DIRS = /etc/xdg/xdg-ubuntu:/etc/xdg
# environment
SNAP_INSTANCE_NAME = code
# environment
SNAP_ARCH = amd64
# makefile (from 'Makefile', line 1)
MAKEFILE_LIST :=  Makefile
# automatic
@F = $(notdir $@)
# environment
GIO_LAUNCHED_DESKTOP_FILE = /var/lib/snapd/desktop/applications/code_code.desktop
# environment
QT_IM_MODULE = ibus
# environment
USERNAME = shashvat
# environment
XDG_DATA_DIRS = /usr/share/ubuntu:/usr/local/share/:/usr/share/:/var/lib/snapd/desktop
# environment
DBUS_SESSION_BUS_ADDRESS = unix:path=/run/user/1000/bus
# environment
VSCODE_VERBOSE_LOGGING = true
# environment
_ = /snap/code/78/usr/share/code/code
# environment
MANAGERPID = 1552
# environment
LESSOPEN = | /usr/bin/lesspipe %s
# environment
VSCODE_CWD = /home/shashvat
# environment
GSETTINGS_SCHEMA_DIR = /snap/code/78/usr/share/glib-2.0/schemas
# default
MAKE_HOST := x86_64-pc-linux-gnu
# environment
NO_PROXY = 127.0.0.1
# environment
GPG_AGENT_INFO = /run/user/1000/gnupg/S.gpg-agent:0:1
# environment
SESSION_MANAGER = local/shashvat-VirtualBox:@/tmp/.ICE-unix/1857,unix/shashvat-VirtualBox:/tmp/.ICE-unix/1857
# environment
XDG_RUNTIME_DIR = /run/user/1000
# environment
GDK_PIXBUF_MODULE_FILE = /home/shashvat/snap/code/common/.cache/gdk-pixbuf-loaders.cache
# environment
SNAP = /snap/code/78
# environment
SNAP_VERSION = 6cba118a
# environment
XDG_MENU_PREFIX = gnome-
# environment
VSCODE_LOG_STACK = false
# environment
DISABLE_WAYLAND = 1
# environment
VSCODE_CRASH_REPORTER_START_OPTIONS = {"companyName":"Microsoft","productName":"VSCode","submitURL":"appcenter://code?aid=fba07a4d-84bd-4fc8-a125-9640fc8ce171&uid=9deef240-9519-4e16-863c-abeb49df5a9a&iid=9deef240-9519-4e16-863c-abeb49df5a9a&sid=9deef240-9519-4e16-863c-abeb49df5a9a","uploadToServer":true}
# environment
INVOCATION_ID = 2dd671ab4b864a4582bd967bebf0f48c
# environment
GDK_PIXBUF_MODULEDIR = /snap/code/78/usr/lib/x86_64-linux-gnu/gdk-pixbuf-2.0/2.10.0/loaders
# default
.FEATURES := target-specific order-only second-expansion else-if shortest-stem undefine oneshell archives jobserver output-sync check-symlink load
# environment
LS_COLORS = 
# environment
XDG_SESSION_DESKTOP = ubuntu
# environment
SSH_AUTH_SOCK = /run/user/1000/keyring/ssh
# environment
GIO_LAUNCHED_DESKTOP_FILE_PID = 251883
# automatic
%F = $(notdir $%)
# environment
DISPLAY = :0
# environment
VSCODE_PIPE_LOGGING = true
# environment
SNAP_INSTANCE_KEY = 
# environment
PWD = /home/shashvat/Desktop/Compilers_Lab/Assignment_5/ass5_19CS10067_19CS30042
# default
.LOADED := 
# environment
SSH_AGENT_PID = 1785
# environment
ORIGINAL_XDG_CURRENT_DESKTOP = ubuntu:GNOME
# environment
GTK_MODULES = gail:atk-bridge
# environment
VSCODE_AMD_ENTRYPOINT = vs/workbench/services/extensions/node/extensionHostProcess
# environment
HOME = /home/shashvat
# environment
LESSCLOSE = /usr/bin/lesspipe %s %s
# environment
VSCODE_CLI = 1
# environment
VSCODE_CODE_CACHE_PATH = /home/shashvat/.config/Code/CachedData/6cba118ac49a1b88332f312a8f67186f7f3c1643
# environment
LOGNAME = shashvat
# environment
APPLICATION_INSIGHTS_NO_DIAGNOSTIC_CHANNEL = true
# environment
SNAP_LIBRARY_PATH = /var/lib/snapd/lib/gl:/var/lib/snapd/lib/gl32:/var/lib/snapd/void
# environment
SNAP_CONTEXT = AcjLtozmy-jNWU325yvqjgXKCyszzdo_Qiy8Hsoe0zAdStSm9GhM
# environment
ELECTRON_NO_ATTACH_CONSOLE = 1
# environment
SNAP_USER_COMMON = /home/shashvat/snap/code/common
# environment
VSCODE_HANDLES_UNCAUGHT_ERRORS = true
# environment
GNOME_DESKTOP_SESSION_ID = this-is-deprecated
# automatic
^D = $(patsubst %/,%,$(dir $^))
# environment
MAKELEVEL := 0
# environment
SNAP_REAL_HOME = /home/shashvat
# environment
PLATFORMIO_PATH = /home/shashvat/.platformio/python3/bin:/usr/local/sbin:/usr/local/bin:/usr/sbin:/usr/bin:/sbin:/bin:/usr/games:/usr/local/games:/snap/bin
# default
MAKE = $(MAKE_COMMAND)
# default
MAKECMDGOALS := all
# environment
PATH = /usr/local/sbin:/usr/local/bin:/usr/sbin:/usr/bin:/sbin:/bin:/usr/games:/usr/local/games:/snap/bin
# environment
SNAP_USER_DATA = /home/shashvat/snap/code/78
# environment
SHLVL = 0
# environment
GNOME_SHELL_SESSION_MODE = ubuntu
# environment
VSCODE_IPC_HOOK_EXTHOST = /run/user/1000/vscode-ipc-d51182c5-f4ef-47aa-929e-24a16640d21b.sock
# default
MAKE_VERSION := 4.2.1
# environment
USER = shashvat
# environment
SNAP_REVISION = 78
# makefile
.DEFAULT_GOAL := test
# environment
XDG_CURRENT_DESKTOP = Unity
# automatic
%D = $(patsubst %/,%,$(dir $%))
# default
MAKE_COMMAND := make
# default
.VARIABLES := 
# automatic
*F = $(notdir $*)
# environment
LANGUAGE = en_IN:en
# environment
VSCODE_IPC_HOOK = /run/user/1000/vscode-b2fc8f51-1.61.2-main.sock
# environment
BAMF_DESKTOP_FILE_HINT = /var/lib/snapd/desktop/applications/code_code.desktop
# makefile
MAKEFLAGS = pqrR
# environment
MFLAGS = -pqrR
# automatic
*D = $(patsubst %/,%,$(dir $*))
# environment
BREAKPAD_DUMP_LOCATION = /home/shashvat/.config/Code/exthost Crash Reports
# automatic
+D = $(patsubst %/,%,$(dir $+))
# environment
GDK_BACKEND = x11
# automatic
+F = $(notdir $+)
# environment
QT_ACCESSIBILITY = 1
# default
MAKEFILES := 
# environment
SNAP_COOKIE = AcjLtozmy-jNWU325yvqjgXKCyszzdo_Qiy8Hsoe0zAdStSm9GhM
# automatic
<F = $(notdir $<)
# environment
PLATFORMIO_CALLER = vscode
# environment
ELECTRON_RUN_AS_NODE = 1
# environment
SNAP_NAME = code
# environment
LC_ALL = C
# environment
GJS_DEBUG_TOPICS = JS ERROR;JS LOG
# automatic
^F = $(notdir $^)
# default
SUFFIXES := 
# environment
SNAP_REEXEC = 
# environment
CHROME_DESKTOP = code-url-handler.desktop
# environment
WINDOWPATH = 2
# default
.INCLUDE_DIRS = /usr/include /usr/local/include /usr/include
# environment
GJS_DEBUG_OUTPUT = stderr
# default
.RECIPEPREFIX := 
# environment
LANG = C
# environment
VSCODE_PID = 251922
# variable set hash-table stats:
# Load=127/1024=12%, Rehash=0, Collisions=21/152=14%

# Pattern-specific Variable Values

# No pattern-specific variable values.

# Directories

# . (device 2049, inode 917639): 16 files, no impossibilities.

# 16 files, no impossibilities in 1 directories.

# Implicit Rules
 
make: *** No rule to make target 'all'.  Stop.
 

# No implicit rules.

# Files

ass5_19CS10067_19CS30042.tab.c: ass5_19CS10067_19CS30042.y
#  Implicit rule search has not been done.
#  Modification time never checked.
#  File has not been updated.
#  recipe to execute (from 'Makefile', line 54):
	bison -dtv ass5_19CS10067_19CS30042.y -W

# Not a target:
ass5_19CS10067_19CS30042_translator.h:
#  Implicit rule search has not been done.
#  Modification time never checked.
#  File has not been updated.

# Not a target:
all:
#  Command line target.
#  Implicit rule search has been done.
#  File does not exist.
#  File has not been updated.

ass5_19CS10067_19CS30042.tab.h: ass5_19CS10067_19CS30042.y
#  Implicit rule search has not been done.
#  Modification time never checked.
#  File has not been updated.
#  recipe to execute (from 'Makefile', line 57):
	bison -dtv ass5_19CS10067_19CS30042.y -W

lex.yy.o: lex.yy.c
#  Implicit rule search has not been done.
#  Modification time never checked.
#  File has not been updated.
#  recipe to execute (from 'Makefile', line 45):
	g++ -c lex.yy.c

# Not a target:
Makefile:
#  Implicit rule search has been done.
#  Last modified 2021-10-21 01:31:23.146130067
#  File has been updated.
#  Successfully updated.

test: a.out
#  Implicit rule search has not been done.
#  Modification time never checked.
#  File has not been updated.
#  recipe to execute (from 'Makefile', line 2):
	
	@echo "TRANSLATING TEST FILE 1 \n(2D ARRAYS and LOOPS)==>"
	./a.out < ass5_19CS10067_19CS30042_test1.c > ass5_19CS10067_19CS30042_quads1.out
	@echo "Test File 1 Successfully Translated !\n"
	@echo "TRANSLATING TEST FILE 2 \n(TYPE CASTING AND POINTERS)==>"
	./a.out < ass5_19CS10067_19CS30042_test2.c > ass5_19CS10067_19CS30042_quads2.out
	@echo "Test File 2 Successfully Translated !\n"
	
	@echo "TRANSLATING TEST FILE 3 \n(ARITHMETIC EXPRESSIONS AND NESTED BLOCKS)==>"
	./a.out < ass5_19CS10067_19CS30042_test3.c > ass5_19CS10067_19CS30042_quads3.out
	@echo "Test File 3 Successfully Translated !\n"
	
	@echo "TRANSLATING TEST FILE 4 \n(FUNCTION CALL, TERNARY, IF-ELSE)==>"
	./a.out < ass5_19CS10067_19CS30042_test4.c > ass5_19CS10067_19CS30042_quads4.out
	@echo "Test File 4 Successfully Translated !\n"
	
	@echo "TRANSLATING TEST FILE 5 \n(NESTED IF-ELSE)==>"
	./a.out < ass5_19CS10067_19CS30042_test5.c > ass5_19CS10067_19CS30042_quads5.out
	@echo "Test File 5 Successfully Translated !\n"
	
	@echo "TRANSLATING TEST FILE 6 ==>"
	./a.out < ass5_19CS10067_19CS30042_test6.c > ass5_19CS10067_19CS30042_quads6.out
	@echo "Test File 6 Successfully Translated !\n"
	
	@echo "TRANSLATING TEST FILE 7 \n(UNCONDITIONAL JUMP GOTO)==>"
	./a.out < ass5_19CS10067_19CS30042_test7.c > ass5_19CS10067_19CS30042_quads7.out
	@echo "Test File 7 Successfully Translated !\n"
	
	@echo "TRANSLATING TEST FILE 8 \n(NESTED FOR WHILE DO_WHILE BOOLEAN)==>"
	./a.out < ass5_19CS10067_19CS30042_test8.c > ass5_19CS10067_19CS30042_quads8.out
	@echo "Test File 8 Successfully Translated !\n"
	@echo "\nALL TEST FILES SUCCESSFULLY TRANSLATED !!\n"

# Not a target:
ass5_19CS10067_19CS30042.l:
#  Implicit rule search has not been done.
#  Modification time never checked.
#  File has not been updated.

# Not a target:
ass5_19CS10067_19CS30042.y:
#  Implicit rule search has not been done.
#  Modification time never checked.
#  File has not been updated.

a.out: lex.yy.o ass5_19CS10067_19CS30042.tab.o ass5_19CS10067_19CS30042_translator.o
#  Implicit rule search has not been done.
#  Modification time never checked.
#  File has not been updated.
#  recipe to execute (from 'Makefile', line 38):
	g++ lex.yy.o ass5_19CS10067_19CS30042.tab.o ass5_19CS10067_19CS30042_translator.o -lfl

ass5_19CS10067_19CS30042_translator.o: ass5_19CS10067_19CS30042_translator.cxx ass5_19CS10067_19CS30042_translator.h
#  Implicit rule search has not been done.
#  Modification time never checked.
#  File has not been updated.
#  recipe to execute (from 'Makefile', line 41):
	g++ -c ass5_19CS10067_19CS30042_translator.h
	g++ -c ass5_19CS10067_19CS30042_translator.cxx

lex.yy.c: ass5_19CS10067_19CS30042.l ass5_19CS10067_19CS30042.tab.h ass5_19CS10067_19CS30042_translator.h
#  Implicit rule search has not been done.
#  Modification time never checked.
#  File has not been updated.
#  recipe to execute (from 'Makefile', line 51):
	flex ass5_19CS10067_19CS30042.l

# Not a target:
.DEFAULT:
#  Implicit rule search has not been done.
#  Modification time never checked.
#  File has not been updated.

# Not a target:
ass5_19CS10067_19CS30042_translator.cxx:
#  Implicit rule search has not been done.
#  Modification time never checked.
#  File has not been updated.

clean:
#  Implicit rule search has not been done.
#  Modification time never checked.
#  File has not been updated.
#  recipe to execute (from 'Makefile', line 60):
	rm lex.yy.c\
	   lex.yy.o\
	   a.out\
	   ass5_19CS10067_19CS30042.tab.c\
	   ass5_19CS10067_19CS30042.tab.h\
	   ass5_19CS10067_19CS30042.tab.o\
	   ass5_19CS10067_19CS30042.output\
	   ass5_19CS10067_19CS30042_translator.o\
	   ass5_19CS10067_19CS30042_translator.h.gch\
	   ass5_19CS10067_19CS30042_quads1.out\
	   ass5_19CS10067_19CS30042_quads2.out\
	   ass5_19CS10067_19CS30042_quads3.out\
	   ass5_19CS10067_19CS30042_quads4.out\
	   ass5_19CS10067_19CS30042_quads5.out\
	   ass5_19CS10067_19CS30042_quads6.out\
	   ass5_19CS10067_19CS30042_quads7.out\
	   ass5_19CS10067_19CS30042_quads8.out

ass5_19CS10067_19CS30042.tab.o: ass5_19CS10067_19CS30042.tab.c
#  Implicit rule search has not been done.
#  Modification time never checked.
#  File has not been updated.
#  recipe to execute (from 'Makefile', line 48):
	g++ -c ass5_19CS10067_19CS30042.tab.c

# files hash-table stats:
# Load=17/1024=2%, Rehash=0, Collisions=0/47=0%
# VPATH Search Paths

# No 'vpath' search paths.

# No general ('VPATH' variable) search path.

# strcache buffers: 1 (0) / strings = 30 / storage = 639 B / avg = 21 B
# current buf: size = 8162 B / used = 639 B / count = 30 / avg = 21 B

# strcache performance: lookups = 56 / hit rate = 46%
# hash-table stats:
# Load=30/8192=0%, Rehash=0, Collisions=1/56=2%
# Finished Make data base on Sat Oct 23 21:25:38 2021

 
